<?xml version="1.0" encoding="UTF-8" ?>
<testsuites>
<<<<<<< HEAD
<<<<<<< HEAD
 <testsuite name="Project list page" timestamp="2015-10-12T12:21:02" hostname="localhost" time="0.61" errors="0" tests="1" skipped="0" disabled="0" failures="0">
  <testcase classname="Project list page" name="should list registered projects" time="0.61" />
=======
 <testsuite name="Project list page" timestamp="2015-10-12T11:38:41" hostname="localhost" time="0.687" errors="0" tests="1" skipped="0" disabled="0" failures="1">
  <testcase classname="Project list page" name="should list registered projects" time="0.687">
   <failure type="toEqual" message="Expected 4 to equal 3."><![CDATA[Error: Failed expectation
=======
 <testsuite name="Project list page" timestamp="2015-10-12T13:52:17" hostname="localhost" time="0.635" errors="0" tests="1" skipped="0" disabled="0" failures="1">
  <testcase classname="Project list page" name="should list registered projects" time="0.635">
   <failure type="toEqual" message="Expected 7 to equal 3."><![CDATA[Error: Failed expectation
>>>>>>> 20aac7c6c6cf48734c5b052fe5696ff5b4782de8
    at Object.<anonymous> (C:\Users\Sonja\projectDatabase\tests\e2e\smoke\projectList.spec.js:7:73)
    at C:\Users\Sonja\AppData\Roaming\npm\node_modules\protractor\node_modules\jasminewd2\index.js:96:23
    at new promise.Promise (C:/Users/Sonja/AppData/Roaming/npm/node_modules/protractor/node_modules/selenium-webdriver/lib/goog/../webdriver/promise.js:368:5)
    at controlFlowExecute (C:\Users\Sonja\AppData\Roaming\npm\node_modules\protractor\node_modules\jasminewd2\index.js:82:18)
    at [object Object].promise.ControlFlow.runInFrame_ (C:/Users/Sonja/AppData/Roaming/npm/node_modules/protractor/node_modules/selenium-webdriver/lib/goog/../webdriver/promise.js:1857:20)
    at [object Object].promise.ControlFlow.runEventLoop_ (C:/Users/Sonja/AppData/Roaming/npm/node_modules/protractor/node_modules/selenium-webdriver/lib/goog/../webdriver/promise.js:1729:8)
    at [object Object].eval (C:/Users/Sonja/AppData/Roaming/npm/node_modules/protractor/node_modules/selenium-webdriver/lib/goog/../webdriver/promise.js:2043:12)
    at goog.async.run.processWorkQueue (C:\Users\Sonja\AppData\Roaming\npm\node_modules\protractor\node_modules\selenium-webdriver\lib\goog\async\run.js:130:15)
    at process._tickCallback (node.js:356:9)]]>
   </failure>
  </testcase>
>>>>>>> df461850f3f9c2d27be98715e2e59d1dba9b2e04
 </testsuite>
</testsuites>